-------------------------------------------------------------------------------
Test set: org.example.testRunner.runners
-------------------------------------------------------------------------------
Tests run: 18, Failures: 2, Errors: 0, Skipped: 0, Time elapsed: 276.041 s <<< FAILURE! - in org.example.testRunner.runners
org.example.testRunner.runners.runScenario["user clicks on two sliders and navigates to corresponding url", "F06|Home page sliders"](12)  Time elapsed: 9.37 s  <<< FAILURE!
java.lang.AssertionError: 
The following asserts failed:
	expected [https://demo.nopcommerce.com/nokia-lumia-1020] but found [https://demo.nopcommerce.com/]
	at org.testng.asserts.SoftAssert.assertAll(SoftAssert.java:46)
	at org.testng.asserts.SoftAssert.assertAll(SoftAssert.java:30)
	at org.example.stepDefs.D06_homeSlidersStepDef.clickSlider_1(D06_homeSlidersStepDef.java:21)
	at ✽.user click on first slider and navigates to nokia verify url(file:///C:/Users/mshukri/Downloads/Testing/Scholarship-FWD/Web%20frontend%20UI%20testing/demonopcommerce/src/main/resources/features/F06_homeSliders.feature:4)

org.example.testRunner.runners.runScenario["User want to open follow us links", "F07|Follow Us Feature"](15)  Time elapsed: 11.232 s  <<< FAILURE!
java.lang.IndexOutOfBoundsException: Index: 1, Size: 1
	at java.util.ArrayList.rangeCheck(ArrayList.java:659)
	at java.util.ArrayList.get(ArrayList.java:435)
	at org.example.stepDefs.D07_followUsStepDef.openUrl(D07_followUsStepDef.java:26)
	at ✽.https://demo.nopcommerce.com/new-online-store-is-open is opened in new tab(file:///C:/Users/mshukri/Downloads/Testing/Scholarship-FWD/Web%20frontend%20UI%20testing/demonopcommerce/src/main/resources/features/F07_followUs.feature:6)

